2019-01-16 16:28:33 ===== Starting: ShallowRedExperiment =====
2019-01-16 16:29:08 Run
2019-01-16 16:29:08 id = 3 (machine1); Seed = 0; Starting new sample
2019-01-16 16:29:08 id = 2 (machine1); Seed = 1; Starting new sample
2019-01-16 16:29:08 id = 1 (machine1); Seed = 2; Starting new sample
2019-01-16 16:29:08 id = 0 (machine1); Seed = 3; Starting new sample
2019-01-16 16:34:31 id = 1 (machine1); Seed = 2; Done (0)
2019-01-16 16:34:31 id = 1 (machine1); Seed = 4; Starting new sample
2019-01-16 16:42:34 id = 0 (machine1); Seed = 3; Done (0)
2019-01-16 16:42:34 id = 0 (machine1); Seed = 5; Starting new sample
2019-01-16 16:43:36 id = 2 (machine1); Seed = 1; Done (0)
2019-01-16 16:43:36 id = 2 (machine1); Seed = 6; Starting new sample
2019-01-16 16:47:20 id = 0 (machine1); Seed = 5; Done (0)
2019-01-16 16:47:20 id = 0 (machine1); Seed = 7; Starting new sample
2019-01-16 16:53:10 id = 3 (machine1); Seed = 0; Done (1)
2019-01-16 16:53:10 id = 3 (machine1); Seed = 8; Starting new sample
2019-01-16 16:54:15 id = 0 (machine1); Seed = 7; Done (0)
2019-01-16 16:54:15 id = 0 (machine1); Seed = 9; Starting new sample
2019-01-16 16:55:06 id = 1 (machine1); Seed = 4; Done (0)
2019-01-16 16:55:06 id = 1 (machine1); Seed = 10; Starting new sample
2019-01-16 17:01:37 id = 1 (machine1); Seed = 10; Done (1)
2019-01-16 17:01:37 id = 1 (machine1); Seed = 11; Starting new sample
2019-01-16 17:02:33 id = 2 (machine1); Seed = 6; Done (1)
2019-01-16 17:02:33 id = 2 (machine1); Seed = 12; Starting new sample
2019-01-16 17:09:47 id = 0 (machine1); Seed = 9; Done (1)
2019-01-16 17:09:47 id = 0 (machine1); Seed = 13; Starting new sample
2019-01-16 17:10:08 id = 3 (machine1); Seed = 8; Done (0)
2019-01-16 17:10:08 id = 3 (machine1); Seed = 14; Starting new sample
2019-01-16 17:16:17 id = 2 (machine1); Seed = 12; Done (0)
2019-01-16 17:16:17 id = 2 (machine1); Seed = 15; Starting new sample
2019-01-16 17:17:38 id = 1 (machine1); Seed = 11; Done (0)
2019-01-16 17:17:38 id = 1 (machine1); Seed = 16; Starting new sample
2019-01-16 17:23:15 id = 2 (machine1); Seed = 15; Done (0)
2019-01-16 17:23:15 id = 2 (machine1); Seed = 17; Starting new sample
2019-01-16 17:26:44 id = 1 (machine1); Seed = 16; Done (0)
2019-01-16 17:26:44 id = 1 (machine1); Seed = 18; Starting new sample
2019-01-16 17:27:26 id = 3 (machine1); Seed = 14; Done (0)
2019-01-16 17:27:26 id = 3 (machine1); Seed = 19; Starting new sample
2019-01-16 17:30:58 id = 3 (machine1); Seed = 19; Done (1)
2019-01-16 17:30:58 id = 3 (machine1); Seed = 20; Starting new sample
2019-01-16 17:32:49 id = 0 (machine1); Seed = 13; Done (1)
2019-01-16 17:32:49 id = 0 (machine1); Seed = 21; Starting new sample
2019-01-16 17:37:51 id = 0 (machine1); Seed = 21; Done (0)
2019-01-16 17:37:51 id = 0 (machine1); Seed = 22; Starting new sample
2019-01-16 17:40:50 id = 2 (machine1); Seed = 17; Done (1)
2019-01-16 17:40:50 id = 2 (machine1); Seed = 23; Starting new sample
2019-01-16 17:47:13 id = 3 (machine1); Seed = 20; Done (0)
2019-01-16 17:47:13 id = 3 (machine1); Seed = 24; Starting new sample
2019-01-16 17:48:24 id = 2 (machine1); Seed = 23; Done (1)
2019-01-16 17:48:24 id = 2 (machine1); Seed = 25; Starting new sample
2019-01-16 17:50:48 id = 1 (machine1); Seed = 18; Done (0)
2019-01-16 17:50:48 id = 1 (machine1); Seed = 26; Starting new sample
2019-01-16 17:54:25 id = 0 (machine1); Seed = 22; Done (1)
2019-01-16 17:54:25 id = 0 (machine1); Seed = 27; Starting new sample
2019-01-16 17:54:27 id = 3 (machine1); Seed = 24; Done (1)
2019-01-16 17:54:27 id = 3 (machine1); Seed = 28; Starting new sample
2019-01-16 17:55:42 id = 1 (machine1); Seed = 26; Done (0)
2019-01-16 17:55:42 id = 1 (machine1); Seed = 29; Starting new sample
2019-01-16 18:01:03 id = 2 (machine1); Seed = 25; Done (1)
2019-01-16 18:01:03 id = 2 (machine1); Seed = 30; Starting new sample
2019-01-16 18:02:51 id = 0 (machine1); Seed = 27; Done (0)
2019-01-16 18:02:51 id = 0 (machine1); Seed = 31; Starting new sample
2019-01-16 18:03:38 id = 3 (machine1); Seed = 28; Done (1)
2019-01-16 18:03:38 id = 3 (machine1); Seed = 32; Starting new sample
2019-01-16 18:05:51 id = 2 (machine1); Seed = 30; Done (1)
2019-01-16 18:05:51 id = 2 (machine1); Seed = 33; Starting new sample
2019-01-16 18:11:47 id = 0 (machine1); Seed = 31; Done (1)
2019-01-16 18:11:47 id = 0 (machine1); Seed = 34; Starting new sample
2019-01-16 18:20:16 id = 3 (machine1); Seed = 32; Done (0)
2019-01-16 18:20:16 id = 3 (machine1); Seed = 35; Starting new sample
2019-01-16 18:21:42 id = 0 (machine1); Seed = 34; Done (0)
2019-01-16 18:21:42 id = 0 (machine1); Seed = 36; Starting new sample
2019-01-16 18:28:44 id = 1 (machine1); Seed = 29; Done (1)
2019-01-16 18:28:44 id = 1 (machine1); Seed = 37; Starting new sample
2019-01-16 18:29:59 id = 2 (machine1); Seed = 33; Done (0)
2019-01-16 18:29:59 id = 2 (machine1); Seed = 38; Starting new sample
2019-01-16 18:38:39 id = 0 (machine1); Seed = 36; Error: No Outcome.
StandardOutput:

StandardError:
Killed
failed to execute command: java -Xmx2g -jar /home/simon/git/ShallowRed/out/artifacts/ShallowRedCLI/shallowred_main.jar play --randomBoard --switchSides --repeatOnError --repeatOnSameSideWin -t 2 -p "{\"C\": 1.40383, \"minmaxInfluence\": 0.897982, \"selector\": {\"type\": \"random\"}, \"expand\": {}, \"simulation\": {}}" --enemyConfigFile /home/simon/git/ShallowRed/CLOP/CLOPEnemy.json -l /tmp/ShallowRedCLOP SHALLOWRED ALPHABETA

2019-01-16 18:38:39 id = 0 stopped. RunningProcessors = 3
2019-01-16 18:42:27 id = 2 (machine1); Seed = 38; Done (1)
2019-01-16 18:42:27 id = 2 stopped. RunningProcessors = 2
2019-01-16 18:48:24 id = 3 (machine1); Seed = 35; Done (1)
2019-01-16 18:48:24 id = 3 stopped. RunningProcessors = 1
2019-01-16 18:57:22 id = 1 (machine1); Seed = 37; Done (1)
2019-01-16 18:57:22 id = 1 stopped. RunningProcessors = 0
2019-01-16 18:57:22 Stop
